<?xml version="1.0" encoding="UTF-8"?>
<!-- Generated by org.testng.reporters.JUnitXMLReporter -->
<testsuite hostname="KT-MAC-46.local" ignored="0" name="Test" tests="1" failures="1" timestamp="10 Dec 2018 10:50:00 GMT" time="183.857" errors="0">
  <testcase name="register" time="138.61" classname="testClasses.RegistrationTests">
    <failure type="java.lang.AssertionError" message="expected [true] but found [false]">
      <![CDATA[java.lang.AssertionError: expected [true] but found [false]
at testClasses.RegistrationTests.register(RegistrationTests.java:139)
... Removed 31 stack frames]]>
    </failure>
  </testcase> <!-- register -->
</testsuite> <!-- Test -->
