<?xml version="1.0" encoding="UTF-8"?>
<testng-results skipped="0" failed="0" ignored="0" total="1" passed="1">
  <reporter-output>
  </reporter-output>
  <suite name="Suite" duration-ms="30461" started-at="2018-11-22T03:50:28Z" finished-at="2018-11-22T03:50:58Z">
    <groups>
    </groups>
    <test name="Test" duration-ms="30461" started-at="2018-11-22T03:50:28Z" finished-at="2018-11-22T03:50:58Z">
      <class name="testClasses.EXAMPLE">
        <test-method status="PASS" signature="before()[pri:0, instance:testClasses.EXAMPLE@5f2108b5]" name="before" is-config="true" duration-ms="9" started-at="2018-11-22T03:50:28Z" finished-at="2018-11-22T03:50:28Z">
          <reporter-output>
          </reporter-output>
        </test-method> <!-- before -->
        <test-method status="PASS" signature="test()[pri:0, instance:testClasses.EXAMPLE@5f2108b5]" name="test" duration-ms="20024" started-at="2018-11-22T03:50:28Z" finished-at="2018-11-22T03:50:48Z">
          <reporter-output>
          </reporter-output>
        </test-method> <!-- test -->
        <test-method status="PASS" signature="afterMethod()[pri:0, instance:testClasses.EXAMPLE@5f2108b5]" name="afterMethod" is-config="true" duration-ms="10005" started-at="2018-11-22T03:50:48Z" finished-at="2018-11-22T03:50:58Z">
          <reporter-output>
          </reporter-output>
        </test-method> <!-- afterMethod -->
      </class> <!-- testClasses.EXAMPLE -->
    </test> <!-- Test -->
  </suite> <!-- Suite -->
</testng-results>
